Func:public static void Exec(Action<E> A)
Msg:
Exception:System.NotSupportedException: 无法创建“Table.SYS.T_SYS_PRIVIEGE”类型的常量值。此上下文仅支持基元类型或枚举类型。
   在 System.Data.Entity.Core.Objects.ELinq.ExpressionConverter.ConstantTranslator.TypedTranslate(ExpressionConverter parent, ConstantExpression linq)
   在 System.Data.Entity.Core.Objects.ELinq.ExpressionConverter.TypedTranslator`1.Translate(ExpressionConverter parent, Expression linq)
   在 System.Data.Entity.Core.Objects.ELinq.ExpressionConverter.TranslateExpression(Expression linq)
   在 System.Data.Entity.Core.Objects.ELinq.ExpressionConverter.NewArrayInitTranslator.<>c__DisplayClassa7.<TypedTranslate>b__a5(Expression e)
   在 System.Linq.Enumerable.WhereSelectEnumerableIterator`2.MoveNext()
   在 System.Data.Entity.Core.Common.CommandTrees.ExpressionBuilder.Internal.EnumerableValidator`3.Validate(IEnumerable`1 argument, String argumentName, Int32 expectedElementCount, Boolean allowEmpty, Func`3 map, Func`2 collect, Func`3 deriveName)
   在 System.Data.Entity.Core.Common.CommandTrees.ExpressionBuilder.Internal.EnumerableValidator`3.Validate()
   在 System.Data.Entity.Core.Common.CommandTrees.ExpressionBuilder.Internal.ArgumentValidation.CreateExpressionList(IEnumerable`1 arguments, String argumentName, Boolean allowEmpty, Action`2 validationCallback)
   在 System.Data.Entity.Core.Common.CommandTrees.ExpressionBuilder.DbExpressionBuilder.CreateNewCollection(IEnumerable`1 elements)
   在 System.Data.Entity.Core.Objects.ELinq.ExpressionConverter.NewArrayInitTranslator.TypedTranslate(ExpressionConverter parent, NewArrayExpression linq)
   在 System.Data.Entity.Core.Objects.ELinq.ExpressionConverter.TypedTranslator`1.Translate(ExpressionConverter parent, Expression linq)
   在 System.Data.Entity.Core.Objects.ELinq.ExpressionConverter.TranslateExpression(Expression linq)
   在 System.Data.Entity.Core.Objects.ELinq.ExpressionConverter.ConstantTranslator.TypedTranslate(ExpressionConverter parent, ConstantExpression linq)
   在 System.Data.Entity.Core.Objects.ELinq.ExpressionConverter.TypedTranslator`1.Translate(ExpressionConverter parent, Expression linq)
   在 System.Data.Entity.Core.Objects.ELinq.ExpressionConverter.TranslateExpression(Expression linq)
   在 System.Data.Entity.Core.Objects.ELinq.ExpressionConverter.MethodCallTranslator.JoinTranslator.Translate(ExpressionConverter parent, MethodCallExpression call)
   在 System.Data.Entity.Core.Objects.ELinq.ExpressionConverter.MethodCallTranslator.SequenceMethodTranslator.Translate(ExpressionConverter parent, MethodCallExpression call, SequenceMethod sequenceMethod)
   在 System.Data.Entity.Core.Objects.ELinq.ExpressionConverter.MethodCallTranslator.TypedTranslate(ExpressionConverter parent, MethodCallExpression linq)
   在 System.Data.Entity.Core.Objects.ELinq.ExpressionConverter.TypedTranslator`1.Translate(ExpressionConverter parent, Expression linq)
   在 System.Data.Entity.Core.Objects.ELinq.ExpressionConverter.TranslateExpression(Expression linq)
   在 System.Data.Entity.Core.Objects.ELinq.ExpressionConverter.MethodCallTranslator.BinarySequenceMethodTranslator.Translate(ExpressionConverter parent, MethodCallExpression call)
   在 System.Data.Entity.Core.Objects.ELinq.ExpressionConverter.MethodCallTranslator.SequenceMethodTranslator.Translate(ExpressionConverter parent, MethodCallExpression call, SequenceMethod sequenceMethod)
   在 System.Data.Entity.Core.Objects.ELinq.ExpressionConverter.MethodCallTranslator.TypedTranslate(ExpressionConverter parent, MethodCallExpression linq)
   在 System.Data.Entity.Core.Objects.ELinq.ExpressionConverter.TypedTranslator`1.Translate(ExpressionConverter parent, Expression linq)
   在 System.Data.Entity.Core.Objects.ELinq.ExpressionConverter.TranslateExpression(Expression linq)
   在 System.Data.Entity.Core.Objects.ELinq.ExpressionConverter.Convert()
   在 System.Data.Entity.Core.Objects.ELinq.ELinqQueryState.GetExecutionPlan(Nullable`1 forMergeOption)
   在 System.Data.Entity.Core.Objects.ObjectQuery`1.<>c__DisplayClass7.<GetResults>b__6()
   在 System.Data.Entity.Core.Objects.ObjectContext.ExecuteInTransaction[T](Func`1 func, IDbExecutionStrategy executionStrategy, Boolean startLocalTransaction, Boolean releaseConnectionOnSuccess)
   在 System.Data.Entity.Core.Objects.ObjectQuery`1.<>c__DisplayClass7.<GetResults>b__5()
   在 System.Data.Entity.SqlServer.DefaultSqlExecutionStrategy.Execute[TResult](Func`1 operation)
   在 System.Data.Entity.Core.Objects.ObjectQuery`1.GetResults(Nullable`1 forMergeOption)
   在 System.Data.Entity.Core.Objects.ObjectQuery`1.<System.Collections.Generic.IEnumerable<T>.GetEnumerator>b__0()
   在 System.Data.Entity.Internal.LazyEnumerator`1.MoveNext()
   在 System.Collections.Generic.List`1..ctor(IEnumerable`1 collection)
   在 System.Linq.Enumerable.ToList[TSource](IEnumerable`1 source)
   在 VEHICLEDETECTING.Areas.Authority.Controllers.EMPController.<>c__DisplayClass9_0.<T_SYS_RMP_PRIVIEGE_TREE>b__0(EAuth EF) 位置 K:\CODE\YD\OUT\VEHICLEDETECTING\VEHICLEDETECTING\Areas\Authority\Controllers\EMPController.cs:行号 419
   在 K.Y.DLL.Entity._API`1.Exec[P](Func`2 F, Boolean IsLock) 位置 K:\CODE\svn.old\236.svn\K.Y.DLL\Entity\_API.cs:行号 608
  >>>>>>  -17/07/28- 16:47:40

Func:public static void Exec(Action<E> A)
Msg:
Exception:System.NotSupportedException: 无法创建“Table.SYS.T_SYS_PRIVIEGE”类型的常量值。此上下文仅支持基元类型或枚举类型。
   在 System.Data.Entity.Core.Objects.ELinq.ExpressionConverter.ConstantTranslator.TypedTranslate(ExpressionConverter parent, ConstantExpression linq)
   在 System.Data.Entity.Core.Objects.ELinq.ExpressionConverter.TypedTranslator`1.Translate(ExpressionConverter parent, Expression linq)
   在 System.Data.Entity.Core.Objects.ELinq.ExpressionConverter.TranslateExpression(Expression linq)
   在 System.Data.Entity.Core.Objects.ELinq.ExpressionConverter.NewArrayInitTranslator.<>c__DisplayClassa7.<TypedTranslate>b__a5(Expression e)
   在 System.Linq.Enumerable.WhereSelectEnumerableIterator`2.MoveNext()
   在 System.Data.Entity.Core.Common.CommandTrees.ExpressionBuilder.Internal.EnumerableValidator`3.Validate(IEnumerable`1 argument, String argumentName, Int32 expectedElementCount, Boolean allowEmpty, Func`3 map, Func`2 collect, Func`3 deriveName)
   在 System.Data.Entity.Core.Common.CommandTrees.ExpressionBuilder.Internal.EnumerableValidator`3.Validate()
   在 System.Data.Entity.Core.Common.CommandTrees.ExpressionBuilder.Internal.ArgumentValidation.CreateExpressionList(IEnumerable`1 arguments, String argumentName, Boolean allowEmpty, Action`2 validationCallback)
   在 System.Data.Entity.Core.Common.CommandTrees.ExpressionBuilder.DbExpressionBuilder.CreateNewCollection(IEnumerable`1 elements)
   在 System.Data.Entity.Core.Objects.ELinq.ExpressionConverter.NewArrayInitTranslator.TypedTranslate(ExpressionConverter parent, NewArrayExpression linq)
   在 System.Data.Entity.Core.Objects.ELinq.ExpressionConverter.TypedTranslator`1.Translate(ExpressionConverter parent, Expression linq)
   在 System.Data.Entity.Core.Objects.ELinq.ExpressionConverter.TranslateExpression(Expression linq)
   在 System.Data.Entity.Core.Objects.ELinq.ExpressionConverter.ConstantTranslator.TypedTranslate(ExpressionConverter parent, ConstantExpression linq)
   在 System.Data.Entity.Core.Objects.ELinq.ExpressionConverter.TypedTranslator`1.Translate(ExpressionConverter parent, Expression linq)
   在 System.Data.Entity.Core.Objects.ELinq.ExpressionConverter.TranslateExpression(Expression linq)
   在 System.Data.Entity.Core.Objects.ELinq.ExpressionConverter.MethodCallTranslator.JoinTranslator.Translate(ExpressionConverter parent, MethodCallExpression call)
   在 System.Data.Entity.Core.Objects.ELinq.ExpressionConverter.MethodCallTranslator.SequenceMethodTranslator.Translate(ExpressionConverter parent, MethodCallExpression call, SequenceMethod sequenceMethod)
   在 System.Data.Entity.Core.Objects.ELinq.ExpressionConverter.MethodCallTranslator.TypedTranslate(ExpressionConverter parent, MethodCallExpression linq)
   在 System.Data.Entity.Core.Objects.ELinq.ExpressionConverter.TypedTranslator`1.Translate(ExpressionConverter parent, Expression linq)
   在 System.Data.Entity.Core.Objects.ELinq.ExpressionConverter.TranslateExpression(Expression linq)
   在 System.Data.Entity.Core.Objects.ELinq.ExpressionConverter.MethodCallTranslator.BinarySequenceMethodTranslator.Translate(ExpressionConverter parent, MethodCallExpression call)
   在 System.Data.Entity.Core.Objects.ELinq.ExpressionConverter.MethodCallTranslator.SequenceMethodTranslator.Translate(ExpressionConverter parent, MethodCallExpression call, SequenceMethod sequenceMethod)
   在 System.Data.Entity.Core.Objects.ELinq.ExpressionConverter.MethodCallTranslator.TypedTranslate(ExpressionConverter parent, MethodCallExpression linq)
   在 System.Data.Entity.Core.Objects.ELinq.ExpressionConverter.TypedTranslator`1.Translate(ExpressionConverter parent, Expression linq)
   在 System.Data.Entity.Core.Objects.ELinq.ExpressionConverter.TranslateExpression(Expression linq)
   在 System.Data.Entity.Core.Objects.ELinq.ExpressionConverter.Convert()
   在 System.Data.Entity.Core.Objects.ELinq.ELinqQueryState.GetExecutionPlan(Nullable`1 forMergeOption)
   在 System.Data.Entity.Core.Objects.ObjectQuery`1.<>c__DisplayClass7.<GetResults>b__6()
   在 System.Data.Entity.Core.Objects.ObjectContext.ExecuteInTransaction[T](Func`1 func, IDbExecutionStrategy executionStrategy, Boolean startLocalTransaction, Boolean releaseConnectionOnSuccess)
   在 System.Data.Entity.Core.Objects.ObjectQuery`1.<>c__DisplayClass7.<GetResults>b__5()
   在 System.Data.Entity.SqlServer.DefaultSqlExecutionStrategy.Execute[TResult](Func`1 operation)
   在 System.Data.Entity.Core.Objects.ObjectQuery`1.GetResults(Nullable`1 forMergeOption)
   在 System.Data.Entity.Core.Objects.ObjectQuery`1.<System.Collections.Generic.IEnumerable<T>.GetEnumerator>b__0()
   在 System.Data.Entity.Internal.LazyEnumerator`1.MoveNext()
   在 System.Collections.Generic.List`1..ctor(IEnumerable`1 collection)
   在 System.Linq.Enumerable.ToList[TSource](IEnumerable`1 source)
   在 VEHICLEDETECTING.Areas.Authority.Controllers.EMPController.<>c__DisplayClass9_0.<T_SYS_RMP_PRIVIEGE_TREE>b__0(EAuth EF) 位置 K:\CODE\YD\OUT\VEHICLEDETECTING\VEHICLEDETECTING\Areas\Authority\Controllers\EMPController.cs:行号 419
   在 K.Y.DLL.Entity._API`1.Exec[P](Func`2 F, Boolean IsLock) 位置 K:\CODE\svn.old\236.svn\K.Y.DLL\Entity\_API.cs:行号 608
  >>>>>>  -17/07/28- 16:47:46

