Func:public static void Exec(Action<E> A)
Msg:
Exception:System.InvalidOperationException: 支持“EAuth”上下文的模型已在数据库创建后发生更改。请考虑使用 Code First 迁移更新数据库(http://go.microsoft.com/fwlink/?LinkId=238269)。
   在 System.Data.Entity.CreateDatabaseIfNotExists`1.InitializeDatabase(TContext context)
   在 System.Data.Entity.Internal.InternalContext.<>c__DisplayClassf`1.<CreateInitializationAction>b__e()
   在 System.Data.Entity.Internal.InternalContext.PerformInitializationAction(Action action)
   在 System.Data.Entity.Internal.InternalContext.PerformDatabaseInitialization()
   在 System.Data.Entity.Internal.LazyInternalContext.<InitializeDatabase>b__4(InternalContext c)
   在 System.Data.Entity.Internal.RetryAction`1.PerformAction(TInput input)
   在 System.Data.Entity.Internal.LazyInternalContext.InitializeDatabaseAction(Action`1 action)
   在 System.Data.Entity.Internal.LazyInternalContext.InitializeDatabase()
   在 System.Data.Entity.Internal.InternalContext.GetEntitySetAndBaseTypeForType(Type entityType)
   在 System.Data.Entity.Internal.Linq.InternalSet`1.Initialize()
   在 System.Data.Entity.Internal.Linq.InternalSet`1.get_InternalContext()
   在 System.Data.Entity.Infrastructure.DbQuery`1.System.Linq.IQueryable.get_Provider()
   在 System.Linq.Queryable.OrderByDescending[TSource,TKey](IQueryable`1 source, Expression`1 keySelector)
   在 VEHICLEDETECTING.Models.Static.myController.Admin.TreeList[T](DbContext EF, Func`2 FSwitch) 位置 K:\CODE\YD\OUT\VEHICLEDETECTING\VEHICLEDETECTING\Models\Static\myController.cs:行号 405
   在 VEHICLEDETECTING.Areas.Authority.Controllers.PRIVIEGEController.<T_SYS_MENU_Choice>b__16_0(EAuth EF) 位置 K:\CODE\YD\OUT\VEHICLEDETECTING\VEHICLEDETECTING\Areas\Authority\Controllers\PRIVIEGEController.cs:行号 721
   在 K.Y.DLL.Entity._API`1.Exec[P](Func`2 F, Boolean IsLock) 位置 K:\CODE\svn.old\236.svn\K.Y.DLL\Entity\_API.cs:行号 628
  >>>>>>  -17/07/27- 19:46:03

Func:public static void Exec(Action<E> A)
Msg:
Exception:System.InvalidOperationException: 支持“EAuth”上下文的模型已在数据库创建后发生更改。请考虑使用 Code First 迁移更新数据库(http://go.microsoft.com/fwlink/?LinkId=238269)。
   在 System.Data.Entity.CreateDatabaseIfNotExists`1.InitializeDatabase(TContext context)
   在 System.Data.Entity.Internal.InternalContext.<>c__DisplayClassf`1.<CreateInitializationAction>b__e()
   在 System.Data.Entity.Internal.InternalContext.PerformInitializationAction(Action action)
   在 System.Data.Entity.Internal.InternalContext.PerformDatabaseInitialization()
   在 System.Data.Entity.Internal.LazyInternalContext.<InitializeDatabase>b__4(InternalContext c)
   在 System.Data.Entity.Internal.RetryAction`1.PerformAction(TInput input)
   在 System.Data.Entity.Internal.LazyInternalContext.InitializeDatabaseAction(Action`1 action)
   在 System.Data.Entity.Internal.LazyInternalContext.InitializeDatabase()
   在 System.Data.Entity.Internal.InternalContext.GetEntitySetAndBaseTypeForType(Type entityType)
   在 System.Data.Entity.Internal.Linq.InternalSet`1.Initialize()
   在 System.Data.Entity.Internal.Linq.InternalSet`1.get_InternalContext()
   在 System.Data.Entity.Infrastructure.DbQuery`1.System.Linq.IQueryable.get_Provider()
   在 System.Linq.Queryable.OrderByDescending[TSource,TKey](IQueryable`1 source, Expression`1 keySelector)
   在 VEHICLEDETECTING.Models.Static.myController.Admin.TreeList[T](DbContext EF, Func`2 FSwitch) 位置 K:\CODE\YD\OUT\VEHICLEDETECTING\VEHICLEDETECTING\Models\Static\myController.cs:行号 405
   在 VEHICLEDETECTING.Areas.Authority.Controllers.PRIVIEGEController.<T_SYS_MENU_Tree>b__10_0(EAuth EF) 位置 K:\CODE\YD\OUT\VEHICLEDETECTING\VEHICLEDETECTING\Areas\Authority\Controllers\PRIVIEGEController.cs:行号 427
   在 K.Y.DLL.Entity._API`1.Exec[P](Func`2 F, Boolean IsLock) 位置 K:\CODE\svn.old\236.svn\K.Y.DLL\Entity\_API.cs:行号 628
  >>>>>>  -17/07/27- 19:46:22

Func:public static void Exec(Action<E> A)
Msg:
Exception:System.InvalidOperationException: 支持“EAuth”上下文的模型已在数据库创建后发生更改。请考虑使用 Code First 迁移更新数据库(http://go.microsoft.com/fwlink/?LinkId=238269)。
   在 System.Data.Entity.CreateDatabaseIfNotExists`1.InitializeDatabase(TContext context)
   在 System.Data.Entity.Internal.InternalContext.<>c__DisplayClassf`1.<CreateInitializationAction>b__e()
   在 System.Data.Entity.Internal.InternalContext.PerformInitializationAction(Action action)
   在 System.Data.Entity.Internal.InternalContext.PerformDatabaseInitialization()
   在 System.Data.Entity.Internal.LazyInternalContext.<InitializeDatabase>b__4(InternalContext c)
   在 System.Data.Entity.Internal.RetryAction`1.PerformAction(TInput input)
   在 System.Data.Entity.Internal.LazyInternalContext.InitializeDatabaseAction(Action`1 action)
   在 System.Data.Entity.Internal.LazyInternalContext.InitializeDatabase()
   在 System.Data.Entity.Internal.InternalContext.GetEntitySetAndBaseTypeForType(Type entityType)
   在 System.Data.Entity.Internal.Linq.InternalSet`1.Initialize()
   在 System.Data.Entity.Internal.Linq.InternalSet`1.get_InternalContext()
   在 System.Data.Entity.Infrastructure.DbQuery`1.System.Linq.IQueryable.get_Provider()
   在 System.Linq.Queryable.OrderByDescending[TSource,TKey](IQueryable`1 source, Expression`1 keySelector)
   在 VEHICLEDETECTING.Models.Static.myController.Admin.TreeList[T](DbContext EF, Func`2 FSwitch) 位置 K:\CODE\YD\OUT\VEHICLEDETECTING\VEHICLEDETECTING\Models\Static\myController.cs:行号 407
   在 VEHICLEDETECTING.Areas.Authority.Controllers.PRIVIEGEController.<T_SYS_MENU_Tree>b__10_0(EAuth EF) 位置 K:\CODE\YD\OUT\VEHICLEDETECTING\VEHICLEDETECTING\Areas\Authority\Controllers\PRIVIEGEController.cs:行号 427
   在 K.Y.DLL.Entity._API`1.Exec[P](Func`2 F, Boolean IsLock) 位置 K:\CODE\svn.old\236.svn\K.Y.DLL\Entity\_API.cs:行号 628
  >>>>>>  -17/07/27- 19:47:37

